[01/14/2020, 05:55:39 AM] PRINT Downloading http://yann.lecun.com/exdb/mnist/train-images-idx3-ubyte.gz to /tmp/tensorflow/mnist/input_data/Bfqrw/MNIST/raw/train-images-idx3-ubyte.gz
[01/14/2020, 05:55:49 AM] PRINT Extracting /tmp/tensorflow/mnist/input_data/Bfqrw/MNIST/raw/train-images-idx3-ubyte.gz to /tmp/tensorflow/mnist/input_data/Bfqrw/MNIST/raw
[01/14/2020, 05:55:50 AM] PRINT Downloading http://yann.lecun.com/exdb/mnist/train-labels-idx1-ubyte.gz to /tmp/tensorflow/mnist/input_data/Bfqrw/MNIST/raw/train-labels-idx1-ubyte.gz
[01/14/2020, 05:55:50 AM] PRINT Extracting /tmp/tensorflow/mnist/input_data/Bfqrw/MNIST/raw/train-labels-idx1-ubyte.gz to /tmp/tensorflow/mnist/input_data/Bfqrw/MNIST/raw
[01/14/2020, 05:55:50 AM] PRINT Downloading http://yann.lecun.com/exdb/mnist/t10k-images-idx3-ubyte.gz to /tmp/tensorflow/mnist/input_data/Bfqrw/MNIST/raw/t10k-images-idx3-ubyte.gz
[01/14/2020, 05:55:55 AM] PRINT Extracting /tmp/tensorflow/mnist/input_data/Bfqrw/MNIST/raw/t10k-images-idx3-ubyte.gz to /tmp/tensorflow/mnist/input_data/Bfqrw/MNIST/raw
[01/14/2020, 05:55:55 AM] PRINT Downloading http://yann.lecun.com/exdb/mnist/t10k-labels-idx1-ubyte.gz to /tmp/tensorflow/mnist/input_data/Bfqrw/MNIST/raw/t10k-labels-idx1-ubyte.gz
[01/14/2020, 05:55:55 AM] PRINT Extracting /tmp/tensorflow/mnist/input_data/Bfqrw/MNIST/raw/t10k-labels-idx1-ubyte.gz to /tmp/tensorflow/mnist/input_data/Bfqrw/MNIST/raw
[01/14/2020, 05:55:55 AM] PRINT Processing...
[01/14/2020, 05:55:55 AM] PRINT Done!
[01/14/2020, 05:56:03 AM] INFO (mnist_AutoML/MainThread) Train Epoch: 1 [0/60000 (0%)]	Loss: 2.286867
[01/14/2020, 05:56:08 AM] INFO (mnist_AutoML/MainThread) Train Epoch: 1 [16000/60000 (27%)]	Loss: 2.264688
[01/14/2020, 05:56:13 AM] INFO (mnist_AutoML/MainThread) Train Epoch: 1 [32000/60000 (53%)]	Loss: 2.186214
[01/14/2020, 05:56:17 AM] INFO (mnist_AutoML/MainThread) Train Epoch: 1 [48000/60000 (80%)]	Loss: 2.118466
[01/14/2020, 05:56:22 AM] INFO (mnist_AutoML/MainThread) 
Test set: Average loss: 2.0694, Accuracy: 6381/10000 (64%)

[01/14/2020, 05:56:23 AM] INFO (mnist_AutoML/MainThread) Train Epoch: 2 [0/60000 (0%)]	Loss: 2.083139
[01/14/2020, 05:56:28 AM] INFO (mnist_AutoML/MainThread) Train Epoch: 2 [16000/60000 (27%)]	Loss: 2.041098
[01/14/2020, 05:56:33 AM] INFO (mnist_AutoML/MainThread) Train Epoch: 2 [32000/60000 (53%)]	Loss: 1.679019
[01/14/2020, 05:56:38 AM] INFO (mnist_AutoML/MainThread) Train Epoch: 2 [48000/60000 (80%)]	Loss: 1.652439
[01/14/2020, 05:56:43 AM] INFO (mnist_AutoML/MainThread) 
Test set: Average loss: 1.3730, Accuracy: 7672/10000 (77%)

[01/14/2020, 05:56:43 AM] INFO (mnist_AutoML/MainThread) Train Epoch: 3 [0/60000 (0%)]	Loss: 1.497160
[01/14/2020, 05:56:48 AM] INFO (mnist_AutoML/MainThread) Train Epoch: 3 [16000/60000 (27%)]	Loss: 1.270371
[01/14/2020, 05:56:53 AM] INFO (mnist_AutoML/MainThread) Train Epoch: 3 [32000/60000 (53%)]	Loss: 0.954959
[01/14/2020, 05:56:58 AM] INFO (mnist_AutoML/MainThread) Train Epoch: 3 [48000/60000 (80%)]	Loss: 0.579021
[01/14/2020, 05:57:04 AM] INFO (mnist_AutoML/MainThread) 
Test set: Average loss: 0.6885, Accuracy: 8447/10000 (84%)

[01/14/2020, 05:57:04 AM] INFO (mnist_AutoML/MainThread) Train Epoch: 4 [0/60000 (0%)]	Loss: 0.517574
[01/14/2020, 05:57:08 AM] INFO (mnist_AutoML/MainThread) Train Epoch: 4 [16000/60000 (27%)]	Loss: 0.578733
[01/14/2020, 05:57:13 AM] INFO (mnist_AutoML/MainThread) Train Epoch: 4 [32000/60000 (53%)]	Loss: 0.556511
[01/14/2020, 05:57:18 AM] INFO (mnist_AutoML/MainThread) Train Epoch: 4 [48000/60000 (80%)]	Loss: 0.287226
[01/14/2020, 05:57:23 AM] INFO (mnist_AutoML/MainThread) 
Test set: Average loss: 0.4839, Accuracy: 8715/10000 (87%)

[01/14/2020, 05:57:24 AM] INFO (mnist_AutoML/MainThread) Train Epoch: 5 [0/60000 (0%)]	Loss: 0.651639
[01/14/2020, 05:57:29 AM] INFO (mnist_AutoML/MainThread) Train Epoch: 5 [16000/60000 (27%)]	Loss: 0.479706
[01/14/2020, 05:57:33 AM] INFO (mnist_AutoML/MainThread) Train Epoch: 5 [32000/60000 (53%)]	Loss: 1.077085
[01/14/2020, 05:57:38 AM] INFO (mnist_AutoML/MainThread) Train Epoch: 5 [48000/60000 (80%)]	Loss: 0.701098
[01/14/2020, 05:57:44 AM] INFO (mnist_AutoML/MainThread) 
Test set: Average loss: 0.4025, Accuracy: 8878/10000 (89%)

[01/14/2020, 05:57:44 AM] INFO (mnist_AutoML/MainThread) Train Epoch: 6 [0/60000 (0%)]	Loss: 0.703054
[01/14/2020, 05:57:49 AM] INFO (mnist_AutoML/MainThread) Train Epoch: 6 [16000/60000 (27%)]	Loss: 0.329987
[01/14/2020, 05:57:54 AM] INFO (mnist_AutoML/MainThread) Train Epoch: 6 [32000/60000 (53%)]	Loss: 0.690187
[01/14/2020, 05:57:58 AM] INFO (mnist_AutoML/MainThread) Train Epoch: 6 [48000/60000 (80%)]	Loss: 0.884368
[01/14/2020, 05:58:03 AM] INFO (mnist_AutoML/MainThread) 
Test set: Average loss: 0.3573, Accuracy: 8976/10000 (90%)

[01/14/2020, 05:58:03 AM] INFO (mnist_AutoML/MainThread) Train Epoch: 7 [0/60000 (0%)]	Loss: 0.649091
[01/14/2020, 05:58:08 AM] INFO (mnist_AutoML/MainThread) Train Epoch: 7 [16000/60000 (27%)]	Loss: 0.337202
[01/14/2020, 05:58:12 AM] INFO (mnist_AutoML/MainThread) Train Epoch: 7 [32000/60000 (53%)]	Loss: 0.283632
[01/14/2020, 05:58:17 AM] INFO (mnist_AutoML/MainThread) Train Epoch: 7 [48000/60000 (80%)]	Loss: 0.264860
[01/14/2020, 05:58:22 AM] INFO (mnist_AutoML/MainThread) 
Test set: Average loss: 0.3265, Accuracy: 9046/10000 (90%)

[01/14/2020, 05:58:22 AM] INFO (mnist_AutoML/MainThread) Train Epoch: 8 [0/60000 (0%)]	Loss: 0.229113
[01/14/2020, 05:58:27 AM] INFO (mnist_AutoML/MainThread) Train Epoch: 8 [16000/60000 (27%)]	Loss: 0.450785
[01/14/2020, 05:58:31 AM] INFO (mnist_AutoML/MainThread) Train Epoch: 8 [32000/60000 (53%)]	Loss: 0.278213
[01/14/2020, 05:58:36 AM] INFO (mnist_AutoML/MainThread) Train Epoch: 8 [48000/60000 (80%)]	Loss: 0.183941
[01/14/2020, 05:58:41 AM] INFO (mnist_AutoML/MainThread) 
Test set: Average loss: 0.3003, Accuracy: 9140/10000 (91%)

[01/14/2020, 05:58:41 AM] INFO (mnist_AutoML/MainThread) Train Epoch: 9 [0/60000 (0%)]	Loss: 0.065760
[01/14/2020, 05:58:46 AM] INFO (mnist_AutoML/MainThread) Train Epoch: 9 [16000/60000 (27%)]	Loss: 0.360703
[01/14/2020, 05:58:50 AM] INFO (mnist_AutoML/MainThread) Train Epoch: 9 [32000/60000 (53%)]	Loss: 0.284338
[01/14/2020, 05:58:55 AM] INFO (mnist_AutoML/MainThread) Train Epoch: 9 [48000/60000 (80%)]	Loss: 0.294802
[01/14/2020, 05:59:00 AM] INFO (mnist_AutoML/MainThread) 
Test set: Average loss: 0.2797, Accuracy: 9192/10000 (92%)

[01/14/2020, 05:59:01 AM] INFO (mnist_AutoML/MainThread) Train Epoch: 10 [0/60000 (0%)]	Loss: 0.478916
[01/14/2020, 05:59:05 AM] INFO (mnist_AutoML/MainThread) Train Epoch: 10 [16000/60000 (27%)]	Loss: 0.225992
[01/14/2020, 05:59:10 AM] INFO (mnist_AutoML/MainThread) Train Epoch: 10 [32000/60000 (53%)]	Loss: 0.517752
[01/14/2020, 05:59:15 AM] INFO (mnist_AutoML/MainThread) Train Epoch: 10 [48000/60000 (80%)]	Loss: 0.199710
[01/14/2020, 05:59:20 AM] INFO (mnist_AutoML/MainThread) 
Test set: Average loss: 0.2633, Accuracy: 9242/10000 (92%)

