[1/14/2020, 5:55:25 AM] INFO [ 'Datastore initialization done' ]
[1/14/2020, 5:55:25 AM] INFO [ 'RestServer start' ]
[1/14/2020, 5:55:25 AM] INFO [ 'Construct local machine training service.' ]
[1/14/2020, 5:55:25 AM] INFO [ 'RestServer base port is 8080' ]
[1/14/2020, 5:55:25 AM] INFO [ 'Rest server listening on: http://0.0.0.0:8080' ]
[1/14/2020, 5:55:27 AM] INFO [ 'NNIManager setClusterMetadata, key: trial_config, value: {"command":"python3 main.py","codeDir":"/root/ml-experiment-pipeline/00_pytorch-mnist/.","gpuNum":1}' ]
[1/14/2020, 5:55:27 AM] INFO [ 'required GPU number is 1' ]
[1/14/2020, 5:55:27 AM] INFO [ 'Starting experiment: KvM2zwsc' ]
[1/14/2020, 5:55:27 AM] INFO [ 'Change NNIManager status from: INITIALIZED to: RUNNING' ]
[1/14/2020, 5:55:27 AM] INFO [ 'Add event listeners' ]
[1/14/2020, 5:55:27 AM] INFO [ 'Run local machine training service.' ]
[1/14/2020, 5:55:28 AM] INFO [ 'NNIManager received command from dispatcher: ID, ' ]
[1/14/2020, 5:55:28 AM] INFO [ 'NNIManager received command from dispatcher: TR, {"parameter_id": 0, "parameter_source": "algorithm", "parameters": {"batch_size": 128, "hidden_size": 512, "lr": 0.1, "momentum": 0.2284461091370903}, "parameter_index": 0}' ]
[1/14/2020, 5:55:28 AM] INFO [ 'NNIManager received command from dispatcher: TR, {"parameter_id": 1, "parameter_source": "algorithm", "parameters": {"batch_size": 16, "hidden_size": 128, "lr": 0.1, "momentum": 0.3936813114096105}, "parameter_index": 0}' ]
[1/14/2020, 5:55:28 AM] INFO [ 'NNIManager received command from dispatcher: TR, {"parameter_id": 2, "parameter_source": "algorithm", "parameters": {"batch_size": 16, "hidden_size": 1024, "lr": 0.0001, "momentum": 0.07663549210883625}, "parameter_index": 0}' ]
[1/14/2020, 5:55:32 AM] INFO [ 'submitTrialJob: form: {"sequenceId":0,"hyperParameters":{"value":"{\\"parameter_id\\": 0, \\"parameter_source\\": \\"algorithm\\", \\"parameters\\": {\\"batch_size\\": 128, \\"hidden_size\\": 512, \\"lr\\": 0.1, \\"momentum\\": 0.2284461091370903}, \\"parameter_index\\": 0}","index":0}}' ]
[1/14/2020, 5:55:32 AM] INFO [ 'submitTrialJob: form: {"sequenceId":1,"hyperParameters":{"value":"{\\"parameter_id\\": 1, \\"parameter_source\\": \\"algorithm\\", \\"parameters\\": {\\"batch_size\\": 16, \\"hidden_size\\": 128, \\"lr\\": 0.1, \\"momentum\\": 0.3936813114096105}, \\"parameter_index\\": 0}","index":0}}' ]
[1/14/2020, 5:55:32 AM] INFO [ 'submitTrialJob: form: {"sequenceId":2,"hyperParameters":{"value":"{\\"parameter_id\\": 2, \\"parameter_source\\": \\"algorithm\\", \\"parameters\\": {\\"batch_size\\": 16, \\"hidden_size\\": 1024, \\"lr\\": 0.0001, \\"momentum\\": 0.07663549210883625}, \\"parameter_index\\": 0}","index":0}}' ]
[1/14/2020, 5:55:42 AM] INFO [ 'Trial job oqGYv status changed from WAITING to RUNNING' ]
[1/14/2020, 5:55:42 AM] INFO [ 'Trial job HX4vn status changed from WAITING to RUNNING' ]
[1/14/2020, 5:55:42 AM] INFO [ 'Trial job Bfqrw status changed from WAITING to RUNNING' ]
[1/14/2020, 5:57:58 AM] INFO [ 'Trial job oqGYv status changed from RUNNING to SUCCEEDED' ]
[1/14/2020, 5:57:58 AM] INFO [ 'NNIManager received command from dispatcher: TR, {"parameter_id": 3, "parameter_source": "algorithm", "parameters": {"batch_size": 128, "hidden_size": 512, "lr": 0.0001, "momentum": 0.9695926131054959}, "parameter_index": 0}' ]
[1/14/2020, 5:58:03 AM] INFO [ 'submitTrialJob: form: {"sequenceId":3,"hyperParameters":{"value":"{\\"parameter_id\\": 3, \\"parameter_source\\": \\"algorithm\\", \\"parameters\\": {\\"batch_size\\": 128, \\"hidden_size\\": 512, \\"lr\\": 0.0001, \\"momentum\\": 0.9695926131054959}, \\"parameter_index\\": 0}","index":0}}' ]
[1/14/2020, 5:58:08 AM] INFO [ 'Trial job nfrZO status changed from WAITING to RUNNING' ]
[1/14/2020, 5:59:18 AM] INFO [ 'Trial job HX4vn status changed from RUNNING to SUCCEEDED' ]
[1/14/2020, 5:59:18 AM] INFO [ 'NNIManager received command from dispatcher: TR, {"parameter_id": 4, "parameter_source": "algorithm", "parameters": {"batch_size": 32, "hidden_size": 512, "lr": 0.01, "momentum": 0.7244448401184165}, "parameter_index": 0}' ]
[1/14/2020, 5:59:23 AM] INFO [ 'Trial job Bfqrw status changed from RUNNING to SUCCEEDED' ]
[1/14/2020, 5:59:23 AM] INFO [ 'submitTrialJob: form: {"sequenceId":4,"hyperParameters":{"value":"{\\"parameter_id\\": 4, \\"parameter_source\\": \\"algorithm\\", \\"parameters\\": {\\"batch_size\\": 32, \\"hidden_size\\": 512, \\"lr\\": 0.01, \\"momentum\\": 0.7244448401184165}, \\"parameter_index\\": 0}","index":0}}' ]
[1/14/2020, 5:59:23 AM] INFO [ 'NNIManager received command from dispatcher: TR, {"parameter_id": 5, "parameter_source": "algorithm", "parameters": {"batch_size": 128, "hidden_size": 256, "lr": 0.01, "momentum": 0.7829708840384868}, "parameter_index": 0}' ]
[1/14/2020, 5:59:28 AM] INFO [ 'Trial job HXyej status changed from WAITING to RUNNING' ]
[1/14/2020, 5:59:28 AM] INFO [ 'submitTrialJob: form: {"sequenceId":5,"hyperParameters":{"value":"{\\"parameter_id\\": 5, \\"parameter_source\\": \\"algorithm\\", \\"parameters\\": {\\"batch_size\\": 128, \\"hidden_size\\": 256, \\"lr\\": 0.01, \\"momentum\\": 0.7829708840384868}, \\"parameter_index\\": 0}","index":0}}' ]
[1/14/2020, 5:59:33 AM] INFO [ 'Trial job hsIEf status changed from WAITING to RUNNING' ]
[1/14/2020, 6:00:39 AM] INFO [ 'Trial job nfrZO status changed from RUNNING to SUCCEEDED' ]
[1/14/2020, 6:00:39 AM] INFO [ 'NNIManager received command from dispatcher: TR, {"parameter_id": 6, "parameter_source": "algorithm", "parameters": {"batch_size": 32, "hidden_size": 1024, "lr": 0.001, "momentum": 0.756726750791217}, "parameter_index": 0}' ]
[1/14/2020, 6:00:44 AM] INFO [ 'submitTrialJob: form: {"sequenceId":6,"hyperParameters":{"value":"{\\"parameter_id\\": 6, \\"parameter_source\\": \\"algorithm\\", \\"parameters\\": {\\"batch_size\\": 32, \\"hidden_size\\": 1024, \\"lr\\": 0.001, \\"momentum\\": 0.756726750791217}, \\"parameter_index\\": 0}","index":0}}' ]
[1/14/2020, 6:00:49 AM] INFO [ 'Trial job JT2Y5 status changed from WAITING to RUNNING' ]
[1/14/2020, 6:01:59 AM] INFO [ 'Trial job hsIEf status changed from RUNNING to SUCCEEDED' ]
[1/14/2020, 6:01:59 AM] INFO [ 'NNIManager received command from dispatcher: TR, {"parameter_id": 7, "parameter_source": "algorithm", "parameters": {"batch_size": 128, "hidden_size": 512, "lr": 0.0001, "momentum": 0.5450823090319129}, "parameter_index": 0}' ]
[1/14/2020, 6:02:04 AM] INFO [ 'submitTrialJob: form: {"sequenceId":7,"hyperParameters":{"value":"{\\"parameter_id\\": 7, \\"parameter_source\\": \\"algorithm\\", \\"parameters\\": {\\"batch_size\\": 128, \\"hidden_size\\": 512, \\"lr\\": 0.0001, \\"momentum\\": 0.5450823090319129}, \\"parameter_index\\": 0}","index":0}}' ]
[1/14/2020, 6:02:09 AM] INFO [ 'Trial job lOOPr status changed from WAITING to RUNNING' ]
[1/14/2020, 6:02:29 AM] INFO [ 'Trial job HXyej status changed from RUNNING to SUCCEEDED' ]
[1/14/2020, 6:02:29 AM] INFO [ 'NNIManager received command from dispatcher: TR, {"parameter_id": 8, "parameter_source": "algorithm", "parameters": {"batch_size": 64, "hidden_size": 128, "lr": 0.0001, "momentum": 0.2649598132434956}, "parameter_index": 0}' ]
[1/14/2020, 6:02:34 AM] INFO [ 'submitTrialJob: form: {"sequenceId":8,"hyperParameters":{"value":"{\\"parameter_id\\": 8, \\"parameter_source\\": \\"algorithm\\", \\"parameters\\": {\\"batch_size\\": 64, \\"hidden_size\\": 128, \\"lr\\": 0.0001, \\"momentum\\": 0.2649598132434956}, \\"parameter_index\\": 0}","index":0}}' ]
[1/14/2020, 6:02:39 AM] INFO [ 'Trial job yPphM status changed from WAITING to RUNNING' ]
[1/14/2020, 6:02:39 AM] INFO [ 'Change NNIManager status from: RUNNING to: NO_MORE_TRIAL' ]
[1/14/2020, 6:03:54 AM] INFO [ 'Trial job JT2Y5 status changed from RUNNING to SUCCEEDED' ]
[1/14/2020, 6:03:55 AM] INFO [ 'NNIManager received command from dispatcher: TR, {"parameter_id": 9, "parameter_source": "algorithm", "parameters": {"batch_size": 64, "hidden_size": 512, "lr": 0.1, "momentum": 0.037283739210751454}, "parameter_index": 0}' ]
[1/14/2020, 6:04:30 AM] INFO [ 'Trial job lOOPr status changed from RUNNING to SUCCEEDED' ]
[1/14/2020, 6:04:30 AM] INFO [ 'NNIManager received command from dispatcher: TR, {"parameter_id": 10, "parameter_source": "algorithm", "parameters": {"batch_size": 16, "hidden_size": 256, "lr": 0.01, "momentum": 0.751152792410895}, "parameter_index": 0}' ]
[1/14/2020, 6:05:10 AM] INFO [ 'Trial job yPphM status changed from RUNNING to SUCCEEDED' ]
[1/14/2020, 6:05:10 AM] INFO [ 'Change NNIManager status from: NO_MORE_TRIAL to: DONE' ]
[1/14/2020, 6:05:10 AM] INFO [ 'Experiment done.' ]
[1/14/2020, 6:05:10 AM] INFO [ 'NNIManager received command from dispatcher: TR, {"parameter_id": 11, "parameter_source": "algorithm", "parameters": {"batch_size": 64, "hidden_size": 128, "lr": 0.001, "momentum": 0.8077900206313767}, "parameter_index": 0}' ]
[1/14/2020, 6:05:28 AM] INFO [ 'Change NNIManager status from: DONE to: STOPPING' ]
[1/14/2020, 6:05:28 AM] INFO [ 'Stopping experiment, cleaning up ...' ]
[1/14/2020, 6:05:32 AM] INFO [ 'Stopping local machine training service...' ]
[1/14/2020, 6:05:32 AM] ERROR [ 'GPU scheduler error: ChildProcessError: Command failed: pkill -P 5248\n\n `pkill -P 5248\n` (exited with error code 1)' ]
[1/14/2020, 6:05:32 AM] INFO [ 'Change NNIManager status from: STOPPING to: STOPPED' ]
[1/14/2020, 6:05:32 AM] INFO [ 'Experiment stopped.' ]
