[01/14/2020, 05:55:39 AM] PRINT Downloading http://yann.lecun.com/exdb/mnist/train-images-idx3-ubyte.gz to /tmp/tensorflow/mnist/input_data/HX4vn/MNIST/raw/train-images-idx3-ubyte.gz
[01/14/2020, 05:55:49 AM] PRINT Extracting /tmp/tensorflow/mnist/input_data/HX4vn/MNIST/raw/train-images-idx3-ubyte.gz to /tmp/tensorflow/mnist/input_data/HX4vn/MNIST/raw
[01/14/2020, 05:55:50 AM] PRINT Downloading http://yann.lecun.com/exdb/mnist/train-labels-idx1-ubyte.gz to /tmp/tensorflow/mnist/input_data/HX4vn/MNIST/raw/train-labels-idx1-ubyte.gz
[01/14/2020, 05:55:50 AM] PRINT Extracting /tmp/tensorflow/mnist/input_data/HX4vn/MNIST/raw/train-labels-idx1-ubyte.gz to /tmp/tensorflow/mnist/input_data/HX4vn/MNIST/raw
[01/14/2020, 05:55:50 AM] PRINT Downloading http://yann.lecun.com/exdb/mnist/t10k-images-idx3-ubyte.gz to /tmp/tensorflow/mnist/input_data/HX4vn/MNIST/raw/t10k-images-idx3-ubyte.gz
[01/14/2020, 05:55:55 AM] PRINT Extracting /tmp/tensorflow/mnist/input_data/HX4vn/MNIST/raw/t10k-images-idx3-ubyte.gz to /tmp/tensorflow/mnist/input_data/HX4vn/MNIST/raw
[01/14/2020, 05:55:55 AM] PRINT Downloading http://yann.lecun.com/exdb/mnist/t10k-labels-idx1-ubyte.gz to /tmp/tensorflow/mnist/input_data/HX4vn/MNIST/raw/t10k-labels-idx1-ubyte.gz
[01/14/2020, 05:55:55 AM] PRINT Extracting /tmp/tensorflow/mnist/input_data/HX4vn/MNIST/raw/t10k-labels-idx1-ubyte.gz to /tmp/tensorflow/mnist/input_data/HX4vn/MNIST/raw
[01/14/2020, 05:55:55 AM] PRINT Processing...
[01/14/2020, 05:55:55 AM] PRINT Done!
[01/14/2020, 05:56:03 AM] INFO (mnist_AutoML/MainThread) Train Epoch: 1 [0/60000 (0%)]	Loss: 2.312576
[01/14/2020, 05:56:08 AM] INFO (mnist_AutoML/MainThread) Train Epoch: 1 [16000/60000 (27%)]	Loss: 0.027289
[01/14/2020, 05:56:12 AM] INFO (mnist_AutoML/MainThread) Train Epoch: 1 [32000/60000 (53%)]	Loss: 1.403969
[01/14/2020, 05:56:17 AM] INFO (mnist_AutoML/MainThread) Train Epoch: 1 [48000/60000 (80%)]	Loss: 0.001471
[01/14/2020, 05:56:21 AM] INFO (mnist_AutoML/MainThread) 
Test set: Average loss: 0.0566, Accuracy: 9839/10000 (98%)

[01/14/2020, 05:56:22 AM] INFO (mnist_AutoML/MainThread) Train Epoch: 2 [0/60000 (0%)]	Loss: 0.001157
[01/14/2020, 05:56:26 AM] INFO (mnist_AutoML/MainThread) Train Epoch: 2 [16000/60000 (27%)]	Loss: 0.003034
[01/14/2020, 05:56:31 AM] INFO (mnist_AutoML/MainThread) Train Epoch: 2 [32000/60000 (53%)]	Loss: 0.021958
[01/14/2020, 05:56:35 AM] INFO (mnist_AutoML/MainThread) Train Epoch: 2 [48000/60000 (80%)]	Loss: 0.050393
[01/14/2020, 05:56:40 AM] INFO (mnist_AutoML/MainThread) 
Test set: Average loss: 0.0520, Accuracy: 9839/10000 (98%)

[01/14/2020, 05:56:41 AM] INFO (mnist_AutoML/MainThread) Train Epoch: 3 [0/60000 (0%)]	Loss: 0.000317
[01/14/2020, 05:56:45 AM] INFO (mnist_AutoML/MainThread) Train Epoch: 3 [16000/60000 (27%)]	Loss: 0.000836
[01/14/2020, 05:56:50 AM] INFO (mnist_AutoML/MainThread) Train Epoch: 3 [32000/60000 (53%)]	Loss: 0.000090
[01/14/2020, 05:56:54 AM] INFO (mnist_AutoML/MainThread) Train Epoch: 3 [48000/60000 (80%)]	Loss: 0.000336
[01/14/2020, 05:56:59 AM] INFO (mnist_AutoML/MainThread) 
Test set: Average loss: 0.0515, Accuracy: 9843/10000 (98%)

[01/14/2020, 05:57:00 AM] INFO (mnist_AutoML/MainThread) Train Epoch: 4 [0/60000 (0%)]	Loss: 0.000754
[01/14/2020, 05:57:04 AM] INFO (mnist_AutoML/MainThread) Train Epoch: 4 [16000/60000 (27%)]	Loss: 0.000350
[01/14/2020, 05:57:09 AM] INFO (mnist_AutoML/MainThread) Train Epoch: 4 [32000/60000 (53%)]	Loss: 0.634271
[01/14/2020, 05:57:13 AM] INFO (mnist_AutoML/MainThread) Train Epoch: 4 [48000/60000 (80%)]	Loss: 0.009507
[01/14/2020, 05:57:18 AM] INFO (mnist_AutoML/MainThread) 
Test set: Average loss: 0.0801, Accuracy: 9809/10000 (98%)

[01/14/2020, 05:57:19 AM] INFO (mnist_AutoML/MainThread) Train Epoch: 5 [0/60000 (0%)]	Loss: 0.076633
[01/14/2020, 05:57:23 AM] INFO (mnist_AutoML/MainThread) Train Epoch: 5 [16000/60000 (27%)]	Loss: 0.002577
[01/14/2020, 05:57:28 AM] INFO (mnist_AutoML/MainThread) Train Epoch: 5 [32000/60000 (53%)]	Loss: 0.344751
[01/14/2020, 05:57:33 AM] INFO (mnist_AutoML/MainThread) Train Epoch: 5 [48000/60000 (80%)]	Loss: 0.378211
[01/14/2020, 05:57:38 AM] INFO (mnist_AutoML/MainThread) 
Test set: Average loss: 0.0461, Accuracy: 9871/10000 (99%)

[01/14/2020, 05:57:38 AM] INFO (mnist_AutoML/MainThread) Train Epoch: 6 [0/60000 (0%)]	Loss: 0.005199
[01/14/2020, 05:57:43 AM] INFO (mnist_AutoML/MainThread) Train Epoch: 6 [16000/60000 (27%)]	Loss: 0.000482
[01/14/2020, 05:57:47 AM] INFO (mnist_AutoML/MainThread) Train Epoch: 6 [32000/60000 (53%)]	Loss: 0.023070
[01/14/2020, 05:57:52 AM] INFO (mnist_AutoML/MainThread) Train Epoch: 6 [48000/60000 (80%)]	Loss: 0.000179
[01/14/2020, 05:57:57 AM] INFO (mnist_AutoML/MainThread) 
Test set: Average loss: 0.0531, Accuracy: 9840/10000 (98%)

[01/14/2020, 05:57:57 AM] INFO (mnist_AutoML/MainThread) Train Epoch: 7 [0/60000 (0%)]	Loss: 0.207119
[01/14/2020, 05:58:01 AM] INFO (mnist_AutoML/MainThread) Train Epoch: 7 [16000/60000 (27%)]	Loss: 0.000021
[01/14/2020, 05:58:06 AM] INFO (mnist_AutoML/MainThread) Train Epoch: 7 [32000/60000 (53%)]	Loss: 0.001088
[01/14/2020, 05:58:11 AM] INFO (mnist_AutoML/MainThread) Train Epoch: 7 [48000/60000 (80%)]	Loss: 0.003010
[01/14/2020, 05:58:16 AM] INFO (mnist_AutoML/MainThread) 
Test set: Average loss: 0.0579, Accuracy: 9840/10000 (98%)

[01/14/2020, 05:58:16 AM] INFO (mnist_AutoML/MainThread) Train Epoch: 8 [0/60000 (0%)]	Loss: 0.000122
[01/14/2020, 05:58:20 AM] INFO (mnist_AutoML/MainThread) Train Epoch: 8 [16000/60000 (27%)]	Loss: 0.000002
[01/14/2020, 05:58:25 AM] INFO (mnist_AutoML/MainThread) Train Epoch: 8 [32000/60000 (53%)]	Loss: 0.190078
[01/14/2020, 05:58:30 AM] INFO (mnist_AutoML/MainThread) Train Epoch: 8 [48000/60000 (80%)]	Loss: 0.000000
[01/14/2020, 05:58:34 AM] INFO (mnist_AutoML/MainThread) 
Test set: Average loss: 0.0933, Accuracy: 9784/10000 (98%)

[01/14/2020, 05:58:35 AM] INFO (mnist_AutoML/MainThread) Train Epoch: 9 [0/60000 (0%)]	Loss: 0.003456
[01/14/2020, 05:58:39 AM] INFO (mnist_AutoML/MainThread) Train Epoch: 9 [16000/60000 (27%)]	Loss: 0.002342
[01/14/2020, 05:58:44 AM] INFO (mnist_AutoML/MainThread) Train Epoch: 9 [32000/60000 (53%)]	Loss: 0.001256
[01/14/2020, 05:58:49 AM] INFO (mnist_AutoML/MainThread) Train Epoch: 9 [48000/60000 (80%)]	Loss: 0.000000
[01/14/2020, 05:58:54 AM] INFO (mnist_AutoML/MainThread) 
Test set: Average loss: 0.0894, Accuracy: 9835/10000 (98%)

[01/14/2020, 05:58:54 AM] INFO (mnist_AutoML/MainThread) Train Epoch: 10 [0/60000 (0%)]	Loss: 0.000002
[01/14/2020, 05:58:59 AM] INFO (mnist_AutoML/MainThread) Train Epoch: 10 [16000/60000 (27%)]	Loss: 0.000006
[01/14/2020, 05:59:03 AM] INFO (mnist_AutoML/MainThread) Train Epoch: 10 [32000/60000 (53%)]	Loss: 0.002822
[01/14/2020, 05:59:08 AM] INFO (mnist_AutoML/MainThread) Train Epoch: 10 [48000/60000 (80%)]	Loss: 0.000006
[01/14/2020, 05:59:13 AM] INFO (mnist_AutoML/MainThread) 
Test set: Average loss: 0.0942, Accuracy: 9797/10000 (98%)

