[01/14/2020, 06:02:09 AM] PRINT Downloading http://yann.lecun.com/exdb/mnist/train-images-idx3-ubyte.gz to /tmp/tensorflow/mnist/input_data/lOOPr/MNIST/raw/train-images-idx3-ubyte.gz
[01/14/2020, 06:02:19 AM] PRINT Extracting /tmp/tensorflow/mnist/input_data/lOOPr/MNIST/raw/train-images-idx3-ubyte.gz to /tmp/tensorflow/mnist/input_data/lOOPr/MNIST/raw
[01/14/2020, 06:02:19 AM] PRINT Downloading http://yann.lecun.com/exdb/mnist/train-labels-idx1-ubyte.gz to /tmp/tensorflow/mnist/input_data/lOOPr/MNIST/raw/train-labels-idx1-ubyte.gz
[01/14/2020, 06:02:20 AM] PRINT Extracting /tmp/tensorflow/mnist/input_data/lOOPr/MNIST/raw/train-labels-idx1-ubyte.gz to /tmp/tensorflow/mnist/input_data/lOOPr/MNIST/raw
[01/14/2020, 06:02:20 AM] PRINT Downloading http://yann.lecun.com/exdb/mnist/t10k-images-idx3-ubyte.gz to /tmp/tensorflow/mnist/input_data/lOOPr/MNIST/raw/t10k-images-idx3-ubyte.gz
[01/14/2020, 06:02:25 AM] PRINT Extracting /tmp/tensorflow/mnist/input_data/lOOPr/MNIST/raw/t10k-images-idx3-ubyte.gz to /tmp/tensorflow/mnist/input_data/lOOPr/MNIST/raw
[01/14/2020, 06:02:25 AM] PRINT Downloading http://yann.lecun.com/exdb/mnist/t10k-labels-idx1-ubyte.gz to /tmp/tensorflow/mnist/input_data/lOOPr/MNIST/raw/t10k-labels-idx1-ubyte.gz
[01/14/2020, 06:02:25 AM] PRINT Extracting /tmp/tensorflow/mnist/input_data/lOOPr/MNIST/raw/t10k-labels-idx1-ubyte.gz to /tmp/tensorflow/mnist/input_data/lOOPr/MNIST/raw
[01/14/2020, 06:02:25 AM] PRINT Processing...
[01/14/2020, 06:02:25 AM] PRINT Done!
[01/14/2020, 06:02:32 AM] INFO (mnist_AutoML/MainThread) Train Epoch: 1 [0/60000 (0%)]	Loss: 2.305809
[01/14/2020, 06:02:44 AM] INFO (mnist_AutoML/MainThread) 
Test set: Average loss: 2.2766, Accuracy: 1707/10000 (17%)

[01/14/2020, 06:02:44 AM] INFO (mnist_AutoML/MainThread) Train Epoch: 2 [0/60000 (0%)]	Loss: 2.271721
[01/14/2020, 06:02:55 AM] INFO (mnist_AutoML/MainThread) 
Test set: Average loss: 2.2388, Accuracy: 3114/10000 (31%)

[01/14/2020, 06:02:55 AM] INFO (mnist_AutoML/MainThread) Train Epoch: 3 [0/60000 (0%)]	Loss: 2.246794
[01/14/2020, 06:03:07 AM] INFO (mnist_AutoML/MainThread) 
Test set: Average loss: 2.1951, Accuracy: 4433/10000 (44%)

[01/14/2020, 06:03:07 AM] INFO (mnist_AutoML/MainThread) Train Epoch: 4 [0/60000 (0%)]	Loss: 2.198875
[01/14/2020, 06:03:18 AM] INFO (mnist_AutoML/MainThread) 
Test set: Average loss: 2.1395, Accuracy: 5913/10000 (59%)

[01/14/2020, 06:03:19 AM] INFO (mnist_AutoML/MainThread) Train Epoch: 5 [0/60000 (0%)]	Loss: 2.147668
[01/14/2020, 06:03:30 AM] INFO (mnist_AutoML/MainThread) 
Test set: Average loss: 2.0651, Accuracy: 6653/10000 (67%)

[01/14/2020, 06:03:30 AM] INFO (mnist_AutoML/MainThread) Train Epoch: 6 [0/60000 (0%)]	Loss: 2.071242
[01/14/2020, 06:03:41 AM] INFO (mnist_AutoML/MainThread) 
Test set: Average loss: 1.9624, Accuracy: 6896/10000 (69%)

[01/14/2020, 06:03:42 AM] INFO (mnist_AutoML/MainThread) Train Epoch: 7 [0/60000 (0%)]	Loss: 1.936729
[01/14/2020, 06:03:53 AM] INFO (mnist_AutoML/MainThread) 
Test set: Average loss: 1.8199, Accuracy: 6982/10000 (70%)

[01/14/2020, 06:03:53 AM] INFO (mnist_AutoML/MainThread) Train Epoch: 8 [0/60000 (0%)]	Loss: 1.793678
[01/14/2020, 06:04:05 AM] INFO (mnist_AutoML/MainThread) 
Test set: Average loss: 1.6341, Accuracy: 7147/10000 (71%)

[01/14/2020, 06:04:05 AM] INFO (mnist_AutoML/MainThread) Train Epoch: 9 [0/60000 (0%)]	Loss: 1.664228
[01/14/2020, 06:04:16 AM] INFO (mnist_AutoML/MainThread) 
Test set: Average loss: 1.4170, Accuracy: 7385/10000 (74%)

[01/14/2020, 06:04:17 AM] INFO (mnist_AutoML/MainThread) Train Epoch: 10 [0/60000 (0%)]	Loss: 1.484987
[01/14/2020, 06:04:28 AM] INFO (mnist_AutoML/MainThread) 
Test set: Average loss: 1.1982, Accuracy: 7658/10000 (77%)

