[01/14/2020, 06:00:49 AM] PRINT Downloading http://yann.lecun.com/exdb/mnist/train-images-idx3-ubyte.gz to /tmp/tensorflow/mnist/input_data/JT2Y5/MNIST/raw/train-images-idx3-ubyte.gz
[01/14/2020, 06:00:59 AM] PRINT Extracting /tmp/tensorflow/mnist/input_data/JT2Y5/MNIST/raw/train-images-idx3-ubyte.gz to /tmp/tensorflow/mnist/input_data/JT2Y5/MNIST/raw
[01/14/2020, 06:00:59 AM] PRINT Downloading http://yann.lecun.com/exdb/mnist/train-labels-idx1-ubyte.gz to /tmp/tensorflow/mnist/input_data/JT2Y5/MNIST/raw/train-labels-idx1-ubyte.gz
[01/14/2020, 06:01:00 AM] PRINT Extracting /tmp/tensorflow/mnist/input_data/JT2Y5/MNIST/raw/train-labels-idx1-ubyte.gz to /tmp/tensorflow/mnist/input_data/JT2Y5/MNIST/raw
[01/14/2020, 06:01:00 AM] PRINT Downloading http://yann.lecun.com/exdb/mnist/t10k-images-idx3-ubyte.gz to /tmp/tensorflow/mnist/input_data/JT2Y5/MNIST/raw/t10k-images-idx3-ubyte.gz
[01/14/2020, 06:01:02 AM] PRINT Extracting /tmp/tensorflow/mnist/input_data/JT2Y5/MNIST/raw/t10k-images-idx3-ubyte.gz to /tmp/tensorflow/mnist/input_data/JT2Y5/MNIST/raw
[01/14/2020, 06:01:02 AM] PRINT Downloading http://yann.lecun.com/exdb/mnist/t10k-labels-idx1-ubyte.gz to /tmp/tensorflow/mnist/input_data/JT2Y5/MNIST/raw/t10k-labels-idx1-ubyte.gz
[01/14/2020, 06:01:02 AM] PRINT Extracting /tmp/tensorflow/mnist/input_data/JT2Y5/MNIST/raw/t10k-labels-idx1-ubyte.gz to /tmp/tensorflow/mnist/input_data/JT2Y5/MNIST/raw
[01/14/2020, 06:01:02 AM] PRINT Processing...
[01/14/2020, 06:01:02 AM] PRINT Done!
[01/14/2020, 06:01:09 AM] INFO (mnist_AutoML/MainThread) Train Epoch: 1 [0/60000 (0%)]	Loss: 2.297166
[01/14/2020, 06:01:17 AM] INFO (mnist_AutoML/MainThread) Train Epoch: 1 [32000/60000 (53%)]	Loss: 0.635082
[01/14/2020, 06:01:25 AM] INFO (mnist_AutoML/MainThread) 
Test set: Average loss: 0.1815, Accuracy: 9492/10000 (95%)

[01/14/2020, 06:01:25 AM] INFO (mnist_AutoML/MainThread) Train Epoch: 2 [0/60000 (0%)]	Loss: 0.183607
[01/14/2020, 06:01:33 AM] INFO (mnist_AutoML/MainThread) Train Epoch: 2 [32000/60000 (53%)]	Loss: 0.066135
[01/14/2020, 06:01:41 AM] INFO (mnist_AutoML/MainThread) 
Test set: Average loss: 0.0994, Accuracy: 9711/10000 (97%)

[01/14/2020, 06:01:41 AM] INFO (mnist_AutoML/MainThread) Train Epoch: 3 [0/60000 (0%)]	Loss: 0.302129
[01/14/2020, 06:01:49 AM] INFO (mnist_AutoML/MainThread) Train Epoch: 3 [32000/60000 (53%)]	Loss: 0.112027
[01/14/2020, 06:01:57 AM] INFO (mnist_AutoML/MainThread) 
Test set: Average loss: 0.0793, Accuracy: 9765/10000 (98%)

[01/14/2020, 06:01:57 AM] INFO (mnist_AutoML/MainThread) Train Epoch: 4 [0/60000 (0%)]	Loss: 0.012397
[01/14/2020, 06:02:04 AM] INFO (mnist_AutoML/MainThread) Train Epoch: 4 [32000/60000 (53%)]	Loss: 0.225933
[01/14/2020, 06:02:13 AM] INFO (mnist_AutoML/MainThread) 
Test set: Average loss: 0.0604, Accuracy: 9802/10000 (98%)

[01/14/2020, 06:02:13 AM] INFO (mnist_AutoML/MainThread) Train Epoch: 5 [0/60000 (0%)]	Loss: 0.009920
[01/14/2020, 06:02:20 AM] INFO (mnist_AutoML/MainThread) Train Epoch: 5 [32000/60000 (53%)]	Loss: 0.041799
[01/14/2020, 06:02:28 AM] INFO (mnist_AutoML/MainThread) 
Test set: Average loss: 0.0512, Accuracy: 9831/10000 (98%)

[01/14/2020, 06:02:28 AM] INFO (mnist_AutoML/MainThread) Train Epoch: 6 [0/60000 (0%)]	Loss: 0.069608
[01/14/2020, 06:02:36 AM] INFO (mnist_AutoML/MainThread) Train Epoch: 6 [32000/60000 (53%)]	Loss: 0.173218
[01/14/2020, 06:02:44 AM] INFO (mnist_AutoML/MainThread) 
Test set: Average loss: 0.0453, Accuracy: 9856/10000 (99%)

[01/14/2020, 06:02:44 AM] INFO (mnist_AutoML/MainThread) Train Epoch: 7 [0/60000 (0%)]	Loss: 0.024227
[01/14/2020, 06:02:52 AM] INFO (mnist_AutoML/MainThread) Train Epoch: 7 [32000/60000 (53%)]	Loss: 0.017581
[01/14/2020, 06:03:00 AM] INFO (mnist_AutoML/MainThread) 
Test set: Average loss: 0.0423, Accuracy: 9864/10000 (99%)

[01/14/2020, 06:03:00 AM] INFO (mnist_AutoML/MainThread) Train Epoch: 8 [0/60000 (0%)]	Loss: 0.027023
[01/14/2020, 06:03:08 AM] INFO (mnist_AutoML/MainThread) Train Epoch: 8 [32000/60000 (53%)]	Loss: 0.052818
[01/14/2020, 06:03:17 AM] INFO (mnist_AutoML/MainThread) 
Test set: Average loss: 0.0408, Accuracy: 9860/10000 (99%)

[01/14/2020, 06:03:17 AM] INFO (mnist_AutoML/MainThread) Train Epoch: 9 [0/60000 (0%)]	Loss: 0.006041
[01/14/2020, 06:03:25 AM] INFO (mnist_AutoML/MainThread) Train Epoch: 9 [32000/60000 (53%)]	Loss: 0.031942
[01/14/2020, 06:03:33 AM] INFO (mnist_AutoML/MainThread) 
Test set: Average loss: 0.0425, Accuracy: 9859/10000 (99%)

[01/14/2020, 06:03:33 AM] INFO (mnist_AutoML/MainThread) Train Epoch: 10 [0/60000 (0%)]	Loss: 0.067190
[01/14/2020, 06:03:41 AM] INFO (mnist_AutoML/MainThread) Train Epoch: 10 [32000/60000 (53%)]	Loss: 0.028784
[01/14/2020, 06:03:50 AM] INFO (mnist_AutoML/MainThread) 
Test set: Average loss: 0.0356, Accuracy: 9882/10000 (99%)

